2025-08-09 10:27:30 INFO  [main] dev.ngspace.ngsweb.NgswebApplication - Starting NgswebApplication v0.1.0 using Java 22.0.1 with PID 174735 (/mnt/datassd/Projects/web/ngspace.dev/ngsweb.jar started by computer in /mnt/datassd/Projects/web/ngspace.dev)
2025-08-09 10:27:30 INFO  [main] dev.ngspace.ngsweb.NgswebApplication - No active profile set, falling back to 1 default profile: "default"
2025-08-09 10:27:31 INFO  [main] org.springframework.boot.web.embedded.tomcat.TomcatWebServer - Tomcat initialized with port 9090 (http)
2025-08-09 10:27:31 INFO  [main] org.apache.coyote.http11.Http11NioProtocol - The ["http-nio-9090"] connector has been configured to support HTTP upgrade to [h2c]
2025-08-09 10:27:31 INFO  [main] org.apache.coyote.http11.Http11NioProtocol - Initializing ProtocolHandler ["http-nio-9090"]
2025-08-09 10:27:31 INFO  [main] org.apache.catalina.core.StandardService - Starting service [Tomcat]
2025-08-09 10:27:31 INFO  [main] org.apache.catalina.core.StandardEngine - Starting Servlet engine: [Apache Tomcat/10.1.43]
2025-08-09 10:27:31 INFO  [main] org.apache.catalina.core.ContainerBase.[Tomcat].[localhost].[/] - Initializing Spring embedded WebApplicationContext
2025-08-09 10:27:31 INFO  [main] org.springframework.boot.web.servlet.context.ServletWebServerApplicationContext - Root WebApplicationContext: initialization completed in 645 ms
2025-08-09 10:27:31 INFO  [main] dev.ngspace.ngsweb.controllers.NGSWebController - Processing desktop pageserver: /Scripts/*
2025-08-09 10:27:31 INFO  [main] dev.ngspace.ngsweb.controllers.NGSWebController - Processing desktop pageserver: /hudder/Images/*
2025-08-09 10:27:31 INFO  [main] dev.ngspace.ngsweb.controllers.NGSWebController - Processing desktop pageserver: /hudder/favicon.ico
2025-08-09 10:27:31 INFO  [main] dev.ngspace.ngsweb.controllers.NGSWebController - Processing desktop pageserver: /hudder/base.js
2025-08-09 10:27:31 INFO  [main] dev.ngspace.ngsweb.controllers.NGSWebController - Processing desktop pageserver: /*
2025-08-09 10:27:31 INFO  [main] dev.ngspace.ngsweb.controllers.NGSWebController - Processing desktop pageserver: /Styles/*
2025-08-09 10:27:31 INFO  [main] dev.ngspace.ngsweb.controllers.NGSWebController - Processing desktop pageserver: /Images/*
2025-08-09 10:27:31 INFO  [main] dev.ngspace.ngsweb.controllers.NGSWebController - Processing desktop pageserver: /hudder/*
2025-08-09 10:27:31 INFO  [main] dev.ngspace.ngsweb.controllers.NGSWebController - Processing desktop pageserver: /404
2025-08-09 10:27:31 INFO  [main] org.apache.coyote.http11.Http11NioProtocol - Starting ProtocolHandler ["http-nio-9090"]
2025-08-09 10:27:31 INFO  [main] org.springframework.boot.web.embedded.tomcat.TomcatWebServer - Tomcat started on port 9090 (http) with context path '/'
2025-08-09 10:27:31 INFO  [main] dev.ngspace.ngsweb.NgswebApplication - Started NgswebApplication in 1.435 seconds (process running for 1.775)
2025-08-09 10:27:38 INFO  [SpringApplicationShutdownHook] org.springframework.boot.web.embedded.tomcat.GracefulShutdown - Commencing graceful shutdown. Waiting for active requests to complete
2025-08-09 10:27:38 INFO  [tomcat-shutdown] org.springframework.boot.web.embedded.tomcat.GracefulShutdown - Graceful shutdown complete
